# JRE version: Java(TM) SE Runtime Environment (21.0.3+7) (build 21.0.3+7-LTS-152)
# Java VM: Java HotSpot(TM) 64-Bit Server VM (21.0.3+7-LTS-152, mixed mode, emulated-client, sharing, tiered, compressed oops, compressed class ptrs, g1 gc, windows-amd64)
GC Precious Log:
 CardTable entry size: 512
 Card Set container configuration: InlinePtr #cards 4 size 8 Array Of Cards #cards 16 size 48 Howl #buckets 8 coarsen threshold 3686 Howl Bitmap #cards 512 size 80 coarsen threshold 460 Card regions per heap region 1 cards per card region 4096
 CPUs: 12 total, 12 available
 Memory: 16147M
 Large Page Support: Disabled
 NUMA Support: Disabled
 Compressed Oops: Enabled (Zero based)
 Heap Region Size: 2M
 Heap Min Capacity: 8M
 Heap Initial Capacity: 254M
 Heap Max Capacity: 4038M
 Pre-touch: Disabled
 Parallel Workers: 10
 Concurrent Workers: 3
 Concurrent Refinement Workers: 10
 Periodic GC: Disabled
Heap:
 garbage-first heap   total 83968K, used 33284K [0x0000000703a00000, 0x0000000800000000)
  region size 2048K, 6 young (12288K), 2 survivors (4096K)
 Metaspace       used 62868K, committed 63616K, reserved 1114112K
  class space    used 8368K, committed 8704K, reserved 1048576K
GC Heap History (20 events):
Event: 358.361 GC heap before
{Heap before GC invocations=24 (full 1):
 garbage-first heap   total 83968K, used 64768K [0x0000000703a00000, 0x0000000800000000)
  region size 2048K, 20 young (40960K), 3 survivors (6144K)
 Metaspace       used 62308K, committed 63040K, reserved 1114112K
  class space    used 8339K, committed 8704K, reserved 1048576K
}
Event: 358.364 GC heap after
{Heap after GC invocations=25 (full 1):
 garbage-first heap   total 83968K, used 32998K [0x0000000703a00000, 0x0000000800000000)
  region size 2048K, 1 young (2048K), 1 survivors (2048K)
 Metaspace       used 62308K, committed 63040K, reserved 1114112K
  class space    used 8339K, committed 8704K, reserved 1048576K
}
Event: 471.345 GC heap before
{Heap before GC invocations=25 (full 1):
 garbage-first heap   total 83968K, used 69862K [0x0000000703a00000, 0x0000000800000000)
  region size 2048K, 19 young (38912K), 1 survivors (2048K)
 Metaspace       used 62309K, committed 63040K, reserved 1114112K
  class space    used 8341K, committed 8704K, reserved 1048576K
}
Event: 471.347 GC heap after
{Heap after GC invocations=26 (full 1):
 garbage-first heap   total 83968K, used 32311K [0x0000000703a00000, 0x0000000800000000)
  region size 2048K, 1 young (2048K), 1 survivors (2048K)
 Metaspace       used 62309K, committed 63040K, reserved 1114112K
  class space    used 8341K, committed 8704K, reserved 1048576K
}
Event: 472.634 GC heap before
{Heap before GC invocations=26 (full 1):
 garbage-first heap   total 83968K, used 34359K [0x0000000703a00000, 0x0000000800000000)
  region size 2048K, 3 young (6144K), 1 survivors (2048K)
 Metaspace       used 62346K, committed 63104K, reserved 1114112K
  class space    used 8347K, committed 8704K, reserved 1048576K
}
Event: 472.708 GC heap after
{Heap after GC invocations=27 (full 2):
 garbage-first heap   total 83968K, used 21751K [0x0000000703a00000, 0x0000000800000000)
  region size 2048K, 0 young (0K), 0 survivors (0K)
 Metaspace       used 62041K, committed 63104K, reserved 1114112K
  class space    used 8272K, committed 8704K, reserved 1048576K
}
Event: 474.315 GC heap before
{Heap before GC invocations=27 (full 2):
 garbage-first heap   total 83968K, used 68855K [0x0000000703a00000, 0x0000000800000000)
  region size 2048K, 24 young (49152K), 0 survivors (0K)
 Metaspace       used 62290K, committed 63104K, reserved 1114112K
  class space    used 8319K, committed 8704K, reserved 1048576K
}
Event: 474.318 GC heap after
{Heap after GC invocations=28 (full 2):
 garbage-first heap   total 83968K, used 26521K [0x0000000703a00000, 0x0000000800000000)
  region size 2048K, 3 young (6144K), 3 survivors (6144K)
 Metaspace       used 62290K, committed 63104K, reserved 1114112K
  class space    used 8319K, committed 8704K, reserved 1048576K
}
Event: 512.046 GC heap before
{Heap before GC invocations=28 (full 2):
 garbage-first heap   total 83968K, used 65433K [0x0000000703a00000, 0x0000000800000000)
  region size 2048K, 22 young (45056K), 3 survivors (6144K)
 Metaspace       used 62557K, committed 63296K, reserved 1114112K
  class space    used 8359K, committed 8704K, reserved 1048576K
}
Event: 512.050 GC heap after
{Heap after GC invocations=29 (full 2):
 garbage-first heap   total 83968K, used 31616K [0x0000000703a00000, 0x0000000800000000)
  region size 2048K, 3 young (6144K), 3 survivors (6144K)
 Metaspace       used 62557K, committed 63296K, reserved 1114112K
  class space    used 8359K, committed 8704K, reserved 1048576K
}
Event: 628.084 GC heap before
{Heap before GC invocations=29 (full 2):
 garbage-first heap   total 83968K, used 64384K [0x0000000703a00000, 0x0000000800000000)
  region size 2048K, 19 young (38912K), 3 survivors (6144K)
 Metaspace       used 62557K, committed 63296K, reserved 1114112K
  class space    used 8359K, committed 8704K, reserved 1048576K
}
Event: 628.087 GC heap after
{Heap after GC invocations=30 (full 2):
 garbage-first heap   total 83968K, used 32475K [0x0000000703a00000, 0x0000000800000000)
  region size 2048K, 1 young (2048K), 1 survivors (2048K)
 Metaspace       used 62557K, committed 63296K, reserved 1114112K
  class space    used 8359K, committed 8704K, reserved 1048576K
}
Event: 711.595 GC heap before
{Heap before GC invocations=30 (full 2):
 garbage-first heap   total 83968K, used 55003K [0x0000000703a00000, 0x0000000800000000)
  region size 2048K, 13 young (26624K), 1 survivors (2048K)
 Metaspace       used 62574K, committed 63296K, reserved 1114112K
  class space    used 8360K, committed 8704K, reserved 1048576K
}
Event: 711.628 GC heap after
{Heap after GC invocations=31 (full 3):
 garbage-first heap   total 83968K, used 21872K [0x0000000703a00000, 0x0000000800000000)
  region size 2048K, 0 young (0K), 0 survivors (0K)
 Metaspace       used 62298K, committed 63296K, reserved 1114112K
  class space    used 8293K, committed 8704K, reserved 1048576K
}
Event: 712.669 GC heap before
{Heap before GC invocations=31 (full 3):
 garbage-first heap   total 83968K, used 66928K [0x0000000703a00000, 0x0000000800000000)
  region size 2048K, 23 young (47104K), 0 survivors (0K)
 Metaspace       used 62490K, committed 63296K, reserved 1114112K
  class space    used 8335K, committed 8704K, reserved 1048576K
}
Event: 712.672 GC heap after
{Heap after GC invocations=32 (full 3):
 garbage-first heap   total 83968K, used 26764K [0x0000000703a00000, 0x0000000800000000)
  region size 2048K, 3 young (6144K), 3 survivors (6144K)
 Metaspace       used 62490K, committed 63296K, reserved 1114112K
  class space    used 8335K, committed 8704K, reserved 1048576K
}
Event: 724.606 GC heap before
{Heap before GC invocations=32 (full 3):
 garbage-first heap   total 83968K, used 57484K [0x0000000703a00000, 0x0000000800000000)
  region size 2048K, 19 young (38912K), 3 survivors (6144K)
 Metaspace       used 62808K, committed 63488K, reserved 1114112K
  class space    used 8376K, committed 8704K, reserved 1048576K
}
Event: 724.641 GC heap after
{Heap after GC invocations=33 (full 4):
 garbage-first heap   total 83968K, used 23451K [0x0000000703a00000, 0x0000000800000000)
  region size 2048K, 0 young (0K), 0 survivors (0K)
 Metaspace       used 62712K, committed 63488K, reserved 1114112K
  class space    used 8354K, committed 8704K, reserved 1048576K
}
Event: 725.082 GC heap before
{Heap before GC invocations=33 (full 4):
 garbage-first heap   total 83968K, used 66459K [0x0000000703a00000, 0x0000000800000000)
  region size 2048K, 21 young (43008K), 0 survivors (0K)
 Metaspace       used 62750K, committed 63488K, reserved 1114112K
  class space    used 8361K, committed 8704K, reserved 1048576K
}
Event: 725.084 GC heap after
{Heap after GC invocations=34 (full 4):
 garbage-first heap   total 83968K, used 27140K [0x0000000703a00000, 0x0000000800000000)
  region size 2048K, 2 young (4096K), 2 survivors (4096K)
 Metaspace       used 62750K, committed 63488K, reserved 1114112K
  class space    used 8361K, committed 8704K, reserved 1048576K
}

